2018-10-10T15:09:46.381Z - info: Website generation started at 11:09:46
2018-10-10T15:09:46.419Z - info: Building assets...
2018-10-10T15:09:46.492Z - info: Assets built
2018-10-10T15:09:46.493Z - info: Generating pages...
2018-10-10T15:09:46.633Z - info: Pages built
2018-10-10T15:09:46.663Z - info: Site data built
2018-10-10T15:09:46.664Z - info: Website generation complete! Total build time: 0.288s
2018-10-10T15:09:46.684Z - info: Generate Site durationMs=309
2018-10-10T15:09:46.694Z - info: Serving "C:\Users\Nicholas\Desktop\GATECH\CS4476\site\_site" at http://127.0.0.1:8080
2018-10-10T15:09:46.695Z - info: Press CTRL+C to stop ...
2018-10-10T15:10:32.187Z - info: Website generation started at 11:10:32
2018-10-10T15:10:32.224Z - info: Building assets...
2018-10-10T15:10:32.248Z - info: Assets built
2018-10-10T15:10:32.249Z - info: Generating pages...
2018-10-10T15:10:32.384Z - info: Pages built
2018-10-10T15:10:32.414Z - info: Site data built
2018-10-10T15:10:32.415Z - info: Website generation complete! Total build time: 0.319s
2018-10-10T15:10:32.437Z - info: Generate Site durationMs=341
2018-10-10T15:10:32.447Z - info: Serving "C:\Users\Nicholas\Desktop\GATECH\CS4476\site\_site" at http://127.0.0.1:8080
2018-10-10T15:10:32.447Z - info: Press CTRL+C to stop ...
2018-10-10T15:10:52.926Z - info: [11:10:52] Reload for file change: C:\Users\Nicholas\Desktop\GATECH\CS4476\site\site.json
2018-10-10T15:10:53.934Z - info: Assets built
2018-10-10T15:11:01.497Z - info: Website generation started at 11:11:01
2018-10-10T15:11:01.534Z - info: Building assets...
2018-10-10T15:11:01.548Z - info: Assets built
2018-10-10T15:11:01.549Z - info: Generating pages...
2018-10-10T15:11:01.678Z - info: Pages built
2018-10-10T15:11:01.717Z - info: Site data built
2018-10-10T15:11:01.719Z - info: Website generation complete! Total build time: 0.25s
2018-10-10T15:11:01.738Z - info: Generate Site durationMs=270
2018-10-10T15:11:01.747Z - info: Serving "C:\Users\Nicholas\Desktop\GATECH\CS4476\site\_site" at http://127.0.0.1:8080
2018-10-10T15:11:01.749Z - info: Press CTRL+C to stop ...
2018-10-10T15:11:46.938Z - info: Deployed!
